time="2024/02/25 20:52:01" level=error msg=Error
time="2024/02/25 20:52:01" level=error msg=Error
time="2024/02/25 20:52:01" level=warning msg=Warning
time="2024/02/25 20:52:01" level=info msg=Info
time="2024/02/25 20:52:01" level=debug msg=Debug
time="2024/02/25 20:52:01" level=info msg=Println
time="2024/02/25 20:53:45" level=error msg=Error
time="2024/02/25 20:53:45" level=warning msg=Warning
time="2024/02/25 20:53:45" level=info msg=Info
time="2024/02/25 20:53:45" level=info msg=Println
time="2024/02/27 14:03:43" level=error msg="&{0xc00059c120 Error 1317 (70100): Query execution was interrupted; invalid connection; sql: transaction has already been committed or rolled back; driver: bad connection; invalid transaction; invalid connection 0 0xc0006acfc0 0}"
time="2024/02/27 14:03:43" level=error msg="&{0xc00059c120 Error 1317 (70100): Query execution was interrupted; invalid connection; sql: transaction has already been committed or rolled back; driver: bad connection; invalid transaction; invalid connection 0 0xc0006acfc0 0}"
time="2024/02/27 14:03:43" level=error msg="&{0xc00059c120 Error 1317 (70100): Query execution was interrupted; invalid connection; sql: transaction has already been committed or rolled back; driver: bad connection; invalid transaction; invalid connection 0 0xc0006acfc0 0}"
time="2024/02/27 14:18:24" level=error msg="&{0xc00014a2d0 Error 1292 (22007): Incorrect datetime value: '0000-00-00' for column 'start_time' at row 1 0 0xc0000c9340 0}"
time="2024/02/27 14:26:07" level=error msg="&{0xc0005982d0 <nil> 1 0xc0000c9340 0}"
time="2024/02/27 15:06:16" level=error msg="&{0xc000140240 <nil> 1 0xc000166a80 0}"
time="2024/02/27 15:06:52" level=error msg="&{0xc000140240 <nil> 1 0xc000166a80 0}"
time="2024/02/27 15:25:56" level=error msg="&{0xc0000d6990 <nil> 1 0xc000135880 0}"
time="2024/02/27 16:17:27" level=error msg="&{0xc00012c090 <nil> 1 0xc0000c9180 0}"
time="2024/02/27 16:59:42" level=error msg="&{0xc0005642d0 <nil> 1 0xc0000c9180 0}"
time="2024/02/27 18:12:59" level=error msg="&{0xc000648090 <nil> 1 0xc000566a80 0}"
time="2024/02/27 19:56:46" level=error msg="&{0xc000514240 <nil> 1 0xc00066b880 0}"
time="2024/02/27 20:43:27" level=error msg="&{0xc00017e5a0 <nil> 1 0xc0004e2a80 0}"
time="2024/02/27 20:44:03" level=error msg="&{0xc00017e5a0 <nil> 1 0xc0004e2a80 0}"
time="2024/02/27 20:44:23" level=error msg="cookie查询用户名失败:record not found"
time="2024/02/27 20:44:23" level=error msg="&{0xc00017e5a0 <nil> 1 0xc0004e2a80 0}"
time="2024/02/27 20:44:26" level=error msg="cookie查询用户名失败:record not found"
time="2024/02/27 20:44:26" level=error msg="&{0xc00017e5a0 <nil> 1 0xc0004e2a80 0}"
time="2024/02/27 20:45:12" level=error msg="cookie查询用户名失败:record not found"
time="2024/02/27 20:47:11" level=error msg="cookie查询用户名失败:record not found"
time="2024/02/27 20:47:11" level=error msg="cookie姓名解密失败:crypto/bcrypt: hashedSecret too short to be a bcrypted password"
time="2024/02/27 20:47:41" level=error msg="cookie查询用户名失败:record not found"
time="2024/02/27 20:47:41" level=error msg="cookie姓名解密失败:crypto/bcrypt: hashedSecret too short to be a bcrypted password"
time="2024/02/27 20:47:41" level=error msg="&{0xc0000a6090 <nil> 1 0xc0000b4a80 0}"
time="2024/02/27 20:48:35" level=error msg="cookie查询用户名失败:record not found"
time="2024/02/27 20:48:35" level=error msg="cookie姓名解密失败:crypto/bcrypt: hashedSecret too short to be a bcrypted password"
time="2024/02/27 20:48:35" level=error msg="&{0xc0000d6990 <nil> 1 0xc0004eaa80 0}"
time="2024/02/27 20:48:52" level=error msg="cookie查询用户名失败:record not found"
time="2024/02/27 20:48:52" level=error msg="cookie姓名解密失败:crypto/bcrypt: hashedSecret too short to be a bcrypted password"
time="2024/02/27 20:48:53" level=error msg="&{0xc0000d67e0 <nil> 1 0xc0000c9880 0}"
time="2024/02/27 20:50:12" level=error msg="cookie查询用户名失败:record not found"
time="2024/02/27 20:50:12" level=error msg="cookie姓名解密失败:crypto/bcrypt: hashedSecret too short to be a bcrypted password"
time="2024/02/27 20:50:12" level=error msg="&{0xc0000d6750 <nil> 1 0xc000566fc0 0}"
time="2024/02/27 20:54:30" level=error msg="cookie查询用户名失败:record not found"
time="2024/02/27 20:54:30" level=error msg="cookie姓名解密失败:crypto/bcrypt: hashedSecret too short to be a bcrypted password"
time="2024/02/27 20:54:30" level=error msg="中间件日志记录失败:&{0xc000016090 <nil> 1 0xc00068ae00 0}"
time="2024/02/27 20:57:20" level=error msg="cookie查询用户名失败:record not found"
time="2024/02/27 20:57:20" level=error msg="cookie姓名解密失败:crypto/bcrypt: hashedSecret too short to be a bcrypted password"
time="2024/02/27 20:57:21" level=error msg="中间件日志记录失败:&{0xc0006302d0 <nil> 1 0xc0000c9500 0}"
time="2024/02/27 20:57:55" level=error msg="cookie查询用户名失败:record not found"
time="2024/02/27 20:57:55" level=error msg="cookie姓名解密失败:crypto/bcrypt: hashedSecret too short to be a bcrypted password"
time="2024/02/27 20:57:55" level=error msg="中间件日志记录失败:&{0xc00049e240 <nil> 1 0xc0004cea80 0}"
time="2024/02/27 20:57:58" level=error msg="cookie查询用户名失败:record not found"
time="2024/02/27 20:57:58" level=error msg="cookie姓名解密失败:crypto/bcrypt: hashedSecret too short to be a bcrypted password"
time="2024/02/27 20:57:58" level=error msg="中间件日志记录失败:&{0xc00049e240 <nil> 1 0xc0004cea80 0}"
time="2024/02/27 21:19:48" level=error msg="解析错误:%!(EXTRA *json.SyntaxError=unexpected end of JSON input)"
time="2024/02/27 21:19:54" level=error msg="解析错误:%!(EXTRA *json.SyntaxError=unexpected end of JSON input)"
time="2024/02/27 21:20:09" level=error msg="解析错误:%!(EXTRA *json.SyntaxError=unexpected end of JSON input)"
time="2024/02/27 21:20:13" level=error msg="解析错误:%!(EXTRA *json.SyntaxError=unexpected end of JSON input)"
time="2024/02/27 21:20:26" level=error msg="解析错误:%!(EXTRA *json.SyntaxError=unexpected end of JSON input)"
time="2024/02/27 21:20:39" level=error msg="解析错误:%!(EXTRA *json.SyntaxError=unexpected end of JSON input)"
time="2024/02/27 21:20:42" level=error msg="解析错误:%!(EXTRA *json.SyntaxError=unexpected end of JSON input)"
time="2024/02/27 21:20:52" level=error msg="解析错误:%!(EXTRA *json.SyntaxError=unexpected end of JSON input)"
time="2024/02/27 22:25:14" level=error msg="日志结构体绑定body失败"
time="2024/02/27 22:26:30" level=error msg="日志结构体绑定body失败"
time="2024/02/27 22:27:01" level=error msg="日志结构体绑定body失败"
time="2024/02/27 22:29:43" level=error msg="日志结构体绑定body失败2"
time="2024/02/27 22:30:21" level=error msg="日志结构体绑定body失败2unexpected end of JSON input"
time="2024/02/28 12:59:46" level=error msg="日志结构体绑定body失败2unexpected end of JSON input"
time="2024/02/28 13:01:09" level=error msg="日志结构体绑定body失败2unexpected end of JSON input"
time="2024/02/28 13:02:16" level=error msg="日志结构体绑定body失败2unexpected end of JSON input"
time="2024/02/28 13:03:10" level=error msg="日志结构体绑定body失败2unexpected end of JSON input"
time="2024/02/28 13:04:17" level=error msg="日志结构体绑定body失败2unexpected end of JSON input"
time="2024/02/28 13:04:53" level=error msg="日志结构体绑定body失败2unexpected end of JSON input"
time="2024/02/28 13:05:11" level=error msg="日志结构体绑定body失败2unexpected end of JSON input"
time="2024/02/28 13:05:41" level=error msg="日志结构体绑定body失败2unexpected end of JSON input"
time="2024/02/28 14:35:00" level=error msg="日志结构体绑定body失败2unexpected end of JSON input"
time="2024/02/28 14:35:27" level=error msg="日志结构体绑定body失败2unexpected end of JSON input"
time="2024/02/28 14:36:19" level=error msg="日志结构体绑定body失败2unexpected end of JSON input"
time="2024/02/28 14:43:24" level=error msg="日志结构体绑定body失败2unexpected end of JSON input"
time="2024/02/28 16:27:03" level=error msg="日志结构体绑定body失败2unexpected end of JSON input"
time="2024/02/28 16:27:25" level=error msg="日志结构体绑定body失败2unexpected end of JSON input"
time="2024/02/28 16:28:41" level=error msg="日志结构体绑定body失败2unexpected end of JSON input"
time="2024/02/28 16:28:56" level=error msg="日志结构体绑定body失败2unexpected end of JSON input"
time="2024/02/28 16:29:54" level=error msg="日志结构体绑定body失败2unexpected end of JSON input"
time="2024/02/28 16:30:03" level=error msg="日志结构体绑定body失败2unexpected end of JSON input"
time="2024/02/28 16:30:48" level=error msg="日志结构体绑定body失败2unexpected end of JSON input"
time="2024/02/28 16:31:28" level=error msg="日志结构体绑定body失败2unexpected end of JSON input"
time="2024/02/28 16:32:47" level=error msg="日志结构体绑定body失败2unexpected end of JSON input"
time="2024/02/28 16:33:34" level=error msg="日志结构体绑定body失败2unexpected end of JSON input"
